<?xml version="1.0" encoding="UTF-8"?>
<!-- Generated by org.testng.reporters.JUnitReportReporter -->
<testsuite hostname="S3-PC" name="com.Tesecases.Tc01_ValidateRegisterLink" tests="1" failures="0" timestamp="23 Nov 2018 08:53:30 GMT" time="22.170" errors="0">
  <testcase name="validateRegisterLink" time="22.170" classname="com.Tesecases.Tc01_ValidateRegisterLink"/>
</testsuite> <!-- com.Tesecases.Tc01_ValidateRegisterLink -->
